2021-06-15 18:40:46,183 - root - INFO - ** Kedro project workspace
2021-06-15 18:40:46,488 - kedro.io.data_catalog - INFO - Loading data from `example_iris_data` (CSVDataSet)...
2021-06-15 18:40:46,492 - kedro.io.data_catalog - INFO - Loading data from `params:example_test_data_ratio` (MemoryDataSet)...
2021-06-15 18:40:46,492 - kedro.pipeline.node - INFO - Running node: split: split_data([example_iris_data,params:example_test_data_ratio]) -> [example_test_x,example_test_y,example_train_x,example_train_y]
2021-06-15 18:40:46,504 - kedro.io.data_catalog - INFO - Saving data to `example_train_x` (MemoryDataSet)...
2021-06-15 18:40:46,504 - kedro.io.data_catalog - INFO - Saving data to `example_train_y` (MemoryDataSet)...
2021-06-15 18:40:46,504 - kedro.io.data_catalog - INFO - Saving data to `example_test_x` (MemoryDataSet)...
2021-06-15 18:40:46,504 - kedro.io.data_catalog - INFO - Saving data to `example_test_y` (MemoryDataSet)...
2021-06-15 18:40:46,505 - kedro.runner.sequential_runner - INFO - Completed 1 out of 4 tasks
2021-06-15 18:40:46,505 - kedro.io.data_catalog - INFO - Loading data from `example_train_x` (MemoryDataSet)...
2021-06-15 18:40:46,505 - kedro.io.data_catalog - INFO - Loading data from `example_train_y` (MemoryDataSet)...
2021-06-15 18:40:46,505 - kedro.io.data_catalog - INFO - Loading data from `parameters` (MemoryDataSet)...
2021-06-15 18:40:46,506 - kedro.pipeline.node - INFO - Running node: train: train_model([example_train_x,example_train_y,parameters]) -> [example_model]
2021-06-15 18:40:46,889 - kedro.io.data_catalog - INFO - Saving data to `example_model` (MemoryDataSet)...
2021-06-15 18:40:46,890 - kedro.runner.sequential_runner - INFO - Completed 2 out of 4 tasks
2021-06-15 18:40:46,890 - kedro.io.data_catalog - INFO - Loading data from `example_model` (MemoryDataSet)...
2021-06-15 18:40:46,890 - kedro.io.data_catalog - INFO - Loading data from `example_test_x` (MemoryDataSet)...
2021-06-15 18:40:46,890 - kedro.pipeline.node - INFO - Running node: predict: predict([example_model,example_test_x]) -> [example_predictions]
2021-06-15 18:40:46,891 - kedro.io.data_catalog - INFO - Saving data to `example_predictions` (MemoryDataSet)...
2021-06-15 18:40:46,891 - kedro.runner.sequential_runner - INFO - Completed 3 out of 4 tasks
2021-06-15 18:40:46,892 - kedro.io.data_catalog - INFO - Loading data from `example_predictions` (MemoryDataSet)...
2021-06-15 18:40:46,892 - kedro.io.data_catalog - INFO - Loading data from `example_test_y` (MemoryDataSet)...
2021-06-15 18:40:46,892 - kedro.pipeline.node - INFO - Running node: report: report_accuracy([example_predictions,example_test_y]) -> None
2021-06-15 18:40:46,892 - kedro_pandas_iris.pipelines.data_science.nodes - INFO - Model accuracy on test set: 96.67%
2021-06-15 18:40:46,893 - kedro.runner.sequential_runner - INFO - Completed 4 out of 4 tasks
2021-06-15 18:40:46,893 - kedro.runner.sequential_runner - INFO - Pipeline execution completed successfully.
2021-06-15 18:40:46,893 - kedro.framework.session.store - INFO - `save()` not implemented for `BaseSessionStore`. Skipping the step.
