WARNING: The directory '/github/home/.cache/pip' or its parent directory is not owned or is not writable by the current user. The cache has been disabled. Check the permissions and owner of that directory. If executing pip with sudo, you should use sudo's -H flag.
Requirement already satisfied: pip in /usr/local/lib/python3.7/site-packages (21.1.2)
WARNING: Running pip as root will break packages and permissions. You should install packages reliably by using venv: https://pip.pypa.io/warnings/venv
WARNING: The directory '/github/home/.cache/pip' or its parent directory is not owned or is not writable by the current user. The cache has been disabled. Check the permissions and owner of that directory. If executing pip with sudo, you should use sudo's -H flag.
Collecting kedro
  Downloading kedro-0.17.3-py3-none-any.whl (16.0 MB)
Collecting dynaconf~=3.1.2
  Downloading dynaconf-3.1.4-py2.py3-none-any.whl (197 kB)
Collecting click<8.0
  Downloading click-7.1.2-py2.py3-none-any.whl (82 kB)
Collecting pip-tools~=5.0
  Downloading pip_tools-5.5.0-py2.py3-none-any.whl (45 kB)
Collecting jupyter-client<7.0,>=5.1
  Downloading jupyter_client-6.1.12-py3-none-any.whl (112 kB)
Collecting toml~=0.10
  Downloading toml-0.10.2-py2.py3-none-any.whl (16 kB)
Collecting toposort~=1.5
  Downloading toposort-1.6-py2.py3-none-any.whl (9.5 kB)
Collecting jmespath<1.0,>=0.9.5
  Downloading jmespath-0.10.0-py2.py3-none-any.whl (24 kB)
Collecting cookiecutter~=1.7.0
  Downloading cookiecutter-1.7.3-py2.py3-none-any.whl (34 kB)
Collecting gitpython~=3.0
  Downloading GitPython-3.1.17-py3-none-any.whl (166 kB)
Collecting PyYAML<6.0,>=4.2
  Downloading PyYAML-5.4.1-cp37-cp37m-manylinux1_x86_64.whl (636 kB)
Collecting pluggy~=0.13.0
  Downloading pluggy-0.13.1-py2.py3-none-any.whl (18 kB)
Requirement already satisfied: setuptools>=38.0 in /usr/local/lib/python3.7/site-packages (from kedro) (57.0.0)
Collecting cachetools~=4.1
  Downloading cachetools-4.2.2-py3-none-any.whl (11 kB)
Collecting python-json-logger~=0.1.9
  Downloading python-json-logger-0.1.11.tar.gz (6.0 kB)
Collecting anyconfig~=0.10.0
  Downloading anyconfig-0.10.1-py2.py3-none-any.whl (64 kB)
Collecting fsspec<0.9,>=0.5.1
  Downloading fsspec-0.8.7-py3-none-any.whl (103 kB)
Collecting python-slugify>=4.0.0
  Downloading python_slugify-5.0.2-py2.py3-none-any.whl (6.7 kB)
Collecting poyo>=0.5.0
  Downloading poyo-0.5.0-py2.py3-none-any.whl (10 kB)
Collecting Jinja2<4.0.0,>=2.7
  Downloading Jinja2-3.0.1-py3-none-any.whl (133 kB)
Collecting binaryornot>=0.4.4
  Downloading binaryornot-0.4.4-py2.py3-none-any.whl (9.0 kB)
Collecting requests>=2.23.0
  Downloading requests-2.25.1-py2.py3-none-any.whl (61 kB)
Collecting six>=1.10
  Downloading six-1.16.0-py2.py3-none-any.whl (11 kB)
Collecting jinja2-time>=0.2.0
  Downloading jinja2_time-0.2.0-py2.py3-none-any.whl (6.4 kB)
Collecting chardet>=3.0.2
  Downloading chardet-4.0.0-py2.py3-none-any.whl (178 kB)
Collecting importlib-metadata
  Downloading importlib_metadata-4.5.0-py3-none-any.whl (17 kB)
Collecting gitdb<5,>=4.0.1
  Downloading gitdb-4.0.7-py3-none-any.whl (63 kB)
Collecting typing-extensions>=3.7.4.0
  Downloading typing_extensions-3.10.0.0-py3-none-any.whl (26 kB)
Collecting smmap<5,>=3.0.1
  Downloading smmap-4.0.0-py2.py3-none-any.whl (24 kB)
Collecting MarkupSafe>=2.0
  Downloading MarkupSafe-2.0.1-cp37-cp37m-manylinux2010_x86_64.whl (31 kB)
Collecting arrow
  Downloading arrow-1.1.0-py3-none-any.whl (58 kB)
Collecting tornado>=4.1
  Downloading tornado-6.1-cp37-cp37m-manylinux2010_x86_64.whl (428 kB)
Collecting pyzmq>=13
  Downloading pyzmq-22.1.0-cp37-cp37m-manylinux1_x86_64.whl (1.1 MB)
Collecting python-dateutil>=2.1
  Downloading python_dateutil-2.8.1-py2.py3-none-any.whl (227 kB)
Collecting traitlets
  Downloading traitlets-5.0.5-py3-none-any.whl (100 kB)
Collecting jupyter-core>=4.6.0
  Downloading jupyter_core-4.7.1-py3-none-any.whl (82 kB)
Requirement already satisfied: pip>=20.1 in /usr/local/lib/python3.7/site-packages (from pip-tools~=5.0->kedro) (21.1.2)
Collecting zipp>=0.5
  Downloading zipp-3.4.1-py3-none-any.whl (5.2 kB)
Collecting text-unidecode>=1.3
  Downloading text_unidecode-1.3-py2.py3-none-any.whl (78 kB)
Collecting urllib3<1.27,>=1.21.1
  Downloading urllib3-1.26.5-py2.py3-none-any.whl (138 kB)
Collecting idna<3,>=2.5
  Downloading idna-2.10-py2.py3-none-any.whl (58 kB)
Collecting certifi>=2017.4.17
  Downloading certifi-2021.5.30-py2.py3-none-any.whl (145 kB)
Collecting ipython-genutils
  Downloading ipython_genutils-0.2.0-py2.py3-none-any.whl (26 kB)
Building wheels for collected packages: python-json-logger
  Building wheel for python-json-logger (setup.py): started
  Building wheel for python-json-logger (setup.py): finished with status 'done'
  Created wheel for python-json-logger: filename=python_json_logger-0.1.11-py2.py3-none-any.whl size=5090 sha256=9d4c4774796d9d4ae6dc3de381fed8a562d08d376ec97185d9acb8a88e831805
  Stored in directory: /tmp/pip-ephem-wheel-cache-13peb4xd/wheels/fa/7f/fd/92ccdbb9d1a65486406e0363d2ba5b4ce52f400a915f602ecb
Successfully built python-json-logger
Installing collected packages: six, typing-extensions, python-dateutil, MarkupSafe, ipython-genutils, zipp, urllib3, traitlets, text-unidecode, smmap, Jinja2, idna, chardet, certifi, arrow, tornado, requests, pyzmq, python-slugify, poyo, jupyter-core, jinja2-time, importlib-metadata, gitdb, click, binaryornot, toposort, toml, PyYAML, python-json-logger, pluggy, pip-tools, jupyter-client, jmespath, gitpython, fsspec, dynaconf, cookiecutter, cachetools, anyconfig, kedro
Successfully installed Jinja2-3.0.1 MarkupSafe-2.0.1 PyYAML-5.4.1 anyconfig-0.10.1 arrow-1.1.0 binaryornot-0.4.4 cachetools-4.2.2 certifi-2021.5.30 chardet-4.0.0 click-7.1.2 cookiecutter-1.7.3 dynaconf-3.1.4 fsspec-0.8.7 gitdb-4.0.7 gitpython-3.1.17 idna-2.10 importlib-metadata-4.5.0 ipython-genutils-0.2.0 jinja2-time-0.2.0 jmespath-0.10.0 jupyter-client-6.1.12 jupyter-core-4.7.1 kedro-0.17.3 pip-tools-5.5.0 pluggy-0.13.1 poyo-0.5.0 python-dateutil-2.8.1 python-json-logger-0.1.11 python-slugify-5.0.2 pyzmq-22.1.0 requests-2.25.1 six-1.16.0 smmap-4.0.0 text-unidecode-1.3 toml-0.10.2 toposort-1.6 tornado-6.1 traitlets-5.0.5 typing-extensions-3.10.0.0 urllib3-1.26.5 zipp-3.4.1
WARNING: Running pip as root will break packages and permissions. You should install packages reliably by using venv: https://pip.pypa.io/warnings/venv
