/usr/local/bin/python setup.py clean --all bdist_egg
running clean
'build/lib' does not exist -- can't clean it
'build/bdist.linux-x86_64' does not exist -- can't clean it
'build/scripts-3.7' does not exist -- can't clean it
running bdist_egg
running egg_info
creating kedro_pandas_iris.egg-info
writing kedro_pandas_iris.egg-info/PKG-INFO
writing dependency_links to kedro_pandas_iris.egg-info/dependency_links.txt
writing entry points to kedro_pandas_iris.egg-info/entry_points.txt
writing requirements to kedro_pandas_iris.egg-info/requires.txt
writing top-level names to kedro_pandas_iris.egg-info/top_level.txt
writing manifest file 'kedro_pandas_iris.egg-info/SOURCES.txt'
reading manifest file 'kedro_pandas_iris.egg-info/SOURCES.txt'
writing manifest file 'kedro_pandas_iris.egg-info/SOURCES.txt'
installing library code to build/bdist.linux-x86_64/egg
running install_lib
running build_py
creating build
creating build/lib
creating build/lib/kedro_pandas_iris
copying kedro_pandas_iris/settings.py -> build/lib/kedro_pandas_iris
copying kedro_pandas_iris/pipeline_registry.py -> build/lib/kedro_pandas_iris
copying kedro_pandas_iris/__init__.py -> build/lib/kedro_pandas_iris
copying kedro_pandas_iris/hooks.py -> build/lib/kedro_pandas_iris
copying kedro_pandas_iris/cli.py -> build/lib/kedro_pandas_iris
copying kedro_pandas_iris/__main__.py -> build/lib/kedro_pandas_iris
creating build/lib/tests
creating build/lib/tests/pipelines
copying tests/pipelines/__init__.py -> build/lib/tests/pipelines
creating build/lib/kedro_pandas_iris/pipelines
copying kedro_pandas_iris/pipelines/__init__.py -> build/lib/kedro_pandas_iris/pipelines
creating build/lib/kedro_pandas_iris/pipelines/data_engineering
copying kedro_pandas_iris/pipelines/data_engineering/__init__.py -> build/lib/kedro_pandas_iris/pipelines/data_engineering
copying kedro_pandas_iris/pipelines/data_engineering/pipeline.py -> build/lib/kedro_pandas_iris/pipelines/data_engineering
copying kedro_pandas_iris/pipelines/data_engineering/nodes.py -> build/lib/kedro_pandas_iris/pipelines/data_engineering
creating build/lib/kedro_pandas_iris/pipelines/data_science
copying kedro_pandas_iris/pipelines/data_science/__init__.py -> build/lib/kedro_pandas_iris/pipelines/data_science
copying kedro_pandas_iris/pipelines/data_science/pipeline.py -> build/lib/kedro_pandas_iris/pipelines/data_science
copying kedro_pandas_iris/pipelines/data_science/nodes.py -> build/lib/kedro_pandas_iris/pipelines/data_science
creating build/bdist.linux-x86_64
creating build/bdist.linux-x86_64/egg
creating build/bdist.linux-x86_64/egg/tests
creating build/bdist.linux-x86_64/egg/tests/pipelines
copying build/lib/tests/pipelines/__init__.py -> build/bdist.linux-x86_64/egg/tests/pipelines
creating build/bdist.linux-x86_64/egg/kedro_pandas_iris
creating build/bdist.linux-x86_64/egg/kedro_pandas_iris/pipelines
creating build/bdist.linux-x86_64/egg/kedro_pandas_iris/pipelines/data_engineering
copying build/lib/kedro_pandas_iris/pipelines/data_engineering/__init__.py -> build/bdist.linux-x86_64/egg/kedro_pandas_iris/pipelines/data_engineering
copying build/lib/kedro_pandas_iris/pipelines/data_engineering/pipeline.py -> build/bdist.linux-x86_64/egg/kedro_pandas_iris/pipelines/data_engineering
copying build/lib/kedro_pandas_iris/pipelines/data_engineering/nodes.py -> build/bdist.linux-x86_64/egg/kedro_pandas_iris/pipelines/data_engineering
copying build/lib/kedro_pandas_iris/pipelines/__init__.py -> build/bdist.linux-x86_64/egg/kedro_pandas_iris/pipelines
creating build/bdist.linux-x86_64/egg/kedro_pandas_iris/pipelines/data_science
copying build/lib/kedro_pandas_iris/pipelines/data_science/__init__.py -> build/bdist.linux-x86_64/egg/kedro_pandas_iris/pipelines/data_science
copying build/lib/kedro_pandas_iris/pipelines/data_science/pipeline.py -> build/bdist.linux-x86_64/egg/kedro_pandas_iris/pipelines/data_science
copying build/lib/kedro_pandas_iris/pipelines/data_science/nodes.py -> build/bdist.linux-x86_64/egg/kedro_pandas_iris/pipelines/data_science
copying build/lib/kedro_pandas_iris/settings.py -> build/bdist.linux-x86_64/egg/kedro_pandas_iris
copying build/lib/kedro_pandas_iris/pipeline_registry.py -> build/bdist.linux-x86_64/egg/kedro_pandas_iris
copying build/lib/kedro_pandas_iris/__init__.py -> build/bdist.linux-x86_64/egg/kedro_pandas_iris
copying build/lib/kedro_pandas_iris/hooks.py -> build/bdist.linux-x86_64/egg/kedro_pandas_iris
copying build/lib/kedro_pandas_iris/cli.py -> build/bdist.linux-x86_64/egg/kedro_pandas_iris
copying build/lib/kedro_pandas_iris/__main__.py -> build/bdist.linux-x86_64/egg/kedro_pandas_iris
byte-compiling build/bdist.linux-x86_64/egg/tests/pipelines/__init__.py to __init__.cpython-37.pyc
byte-compiling build/bdist.linux-x86_64/egg/kedro_pandas_iris/pipelines/data_engineering/__init__.py to __init__.cpython-37.pyc
byte-compiling build/bdist.linux-x86_64/egg/kedro_pandas_iris/pipelines/data_engineering/pipeline.py to pipeline.cpython-37.pyc
byte-compiling build/bdist.linux-x86_64/egg/kedro_pandas_iris/pipelines/data_engineering/nodes.py to nodes.cpython-37.pyc
byte-compiling build/bdist.linux-x86_64/egg/kedro_pandas_iris/pipelines/__init__.py to __init__.cpython-37.pyc
byte-compiling build/bdist.linux-x86_64/egg/kedro_pandas_iris/pipelines/data_science/__init__.py to __init__.cpython-37.pyc
byte-compiling build/bdist.linux-x86_64/egg/kedro_pandas_iris/pipelines/data_science/pipeline.py to pipeline.cpython-37.pyc
byte-compiling build/bdist.linux-x86_64/egg/kedro_pandas_iris/pipelines/data_science/nodes.py to nodes.cpython-37.pyc
byte-compiling build/bdist.linux-x86_64/egg/kedro_pandas_iris/settings.py to settings.cpython-37.pyc
byte-compiling build/bdist.linux-x86_64/egg/kedro_pandas_iris/pipeline_registry.py to pipeline_registry.cpython-37.pyc
byte-compiling build/bdist.linux-x86_64/egg/kedro_pandas_iris/__init__.py to __init__.cpython-37.pyc
byte-compiling build/bdist.linux-x86_64/egg/kedro_pandas_iris/hooks.py to hooks.cpython-37.pyc
byte-compiling build/bdist.linux-x86_64/egg/kedro_pandas_iris/cli.py to cli.cpython-37.pyc
byte-compiling build/bdist.linux-x86_64/egg/kedro_pandas_iris/__main__.py to __main__.cpython-37.pyc
creating build/bdist.linux-x86_64/egg/EGG-INFO
copying kedro_pandas_iris.egg-info/PKG-INFO -> build/bdist.linux-x86_64/egg/EGG-INFO
copying kedro_pandas_iris.egg-info/SOURCES.txt -> build/bdist.linux-x86_64/egg/EGG-INFO
copying kedro_pandas_iris.egg-info/dependency_links.txt -> build/bdist.linux-x86_64/egg/EGG-INFO
copying kedro_pandas_iris.egg-info/entry_points.txt -> build/bdist.linux-x86_64/egg/EGG-INFO
copying kedro_pandas_iris.egg-info/requires.txt -> build/bdist.linux-x86_64/egg/EGG-INFO
copying kedro_pandas_iris.egg-info/top_level.txt -> build/bdist.linux-x86_64/egg/EGG-INFO
zip_safe flag not set; analyzing archive contents...
kedro_pandas_iris.__pycache__.__main__.cpython-37: module references __file__
kedro_pandas_iris.__pycache__.cli.cpython-37: module references __file__
creating dist
creating 'dist/kedro_pandas_iris-0.1-py3.7.egg' and adding 'build/bdist.linux-x86_64/egg' to it
removing 'build/bdist.linux-x86_64/egg' (and everything under it)
/usr/local/bin/python setup.py clean --all bdist_wheel
running clean
removing 'build/lib' (and everything under it)
removing 'build/bdist.linux-x86_64' (and everything under it)
'build/scripts-3.7' does not exist -- can't clean it
removing 'build'
running bdist_wheel
running build
running build_py
creating build
creating build/lib
creating build/lib/kedro_pandas_iris
copying kedro_pandas_iris/settings.py -> build/lib/kedro_pandas_iris
copying kedro_pandas_iris/pipeline_registry.py -> build/lib/kedro_pandas_iris
copying kedro_pandas_iris/__init__.py -> build/lib/kedro_pandas_iris
copying kedro_pandas_iris/hooks.py -> build/lib/kedro_pandas_iris
copying kedro_pandas_iris/cli.py -> build/lib/kedro_pandas_iris
copying kedro_pandas_iris/__main__.py -> build/lib/kedro_pandas_iris
creating build/lib/tests
creating build/lib/tests/pipelines
copying tests/pipelines/__init__.py -> build/lib/tests/pipelines
creating build/lib/kedro_pandas_iris/pipelines
copying kedro_pandas_iris/pipelines/__init__.py -> build/lib/kedro_pandas_iris/pipelines
creating build/lib/kedro_pandas_iris/pipelines/data_engineering
copying kedro_pandas_iris/pipelines/data_engineering/__init__.py -> build/lib/kedro_pandas_iris/pipelines/data_engineering
copying kedro_pandas_iris/pipelines/data_engineering/pipeline.py -> build/lib/kedro_pandas_iris/pipelines/data_engineering
copying kedro_pandas_iris/pipelines/data_engineering/nodes.py -> build/lib/kedro_pandas_iris/pipelines/data_engineering
creating build/lib/kedro_pandas_iris/pipelines/data_science
copying kedro_pandas_iris/pipelines/data_science/__init__.py -> build/lib/kedro_pandas_iris/pipelines/data_science
copying kedro_pandas_iris/pipelines/data_science/pipeline.py -> build/lib/kedro_pandas_iris/pipelines/data_science
copying kedro_pandas_iris/pipelines/data_science/nodes.py -> build/lib/kedro_pandas_iris/pipelines/data_science
installing to build/bdist.linux-x86_64/wheel
running install
running install_lib
creating build/bdist.linux-x86_64
creating build/bdist.linux-x86_64/wheel
creating build/bdist.linux-x86_64/wheel/tests
creating build/bdist.linux-x86_64/wheel/tests/pipelines
copying build/lib/tests/pipelines/__init__.py -> build/bdist.linux-x86_64/wheel/tests/pipelines
creating build/bdist.linux-x86_64/wheel/kedro_pandas_iris
creating build/bdist.linux-x86_64/wheel/kedro_pandas_iris/pipelines
creating build/bdist.linux-x86_64/wheel/kedro_pandas_iris/pipelines/data_engineering
copying build/lib/kedro_pandas_iris/pipelines/data_engineering/__init__.py -> build/bdist.linux-x86_64/wheel/kedro_pandas_iris/pipelines/data_engineering
copying build/lib/kedro_pandas_iris/pipelines/data_engineering/pipeline.py -> build/bdist.linux-x86_64/wheel/kedro_pandas_iris/pipelines/data_engineering
copying build/lib/kedro_pandas_iris/pipelines/data_engineering/nodes.py -> build/bdist.linux-x86_64/wheel/kedro_pandas_iris/pipelines/data_engineering
copying build/lib/kedro_pandas_iris/pipelines/__init__.py -> build/bdist.linux-x86_64/wheel/kedro_pandas_iris/pipelines
creating build/bdist.linux-x86_64/wheel/kedro_pandas_iris/pipelines/data_science
copying build/lib/kedro_pandas_iris/pipelines/data_science/__init__.py -> build/bdist.linux-x86_64/wheel/kedro_pandas_iris/pipelines/data_science
copying build/lib/kedro_pandas_iris/pipelines/data_science/pipeline.py -> build/bdist.linux-x86_64/wheel/kedro_pandas_iris/pipelines/data_science
copying build/lib/kedro_pandas_iris/pipelines/data_science/nodes.py -> build/bdist.linux-x86_64/wheel/kedro_pandas_iris/pipelines/data_science
copying build/lib/kedro_pandas_iris/settings.py -> build/bdist.linux-x86_64/wheel/kedro_pandas_iris
copying build/lib/kedro_pandas_iris/pipeline_registry.py -> build/bdist.linux-x86_64/wheel/kedro_pandas_iris
copying build/lib/kedro_pandas_iris/__init__.py -> build/bdist.linux-x86_64/wheel/kedro_pandas_iris
copying build/lib/kedro_pandas_iris/hooks.py -> build/bdist.linux-x86_64/wheel/kedro_pandas_iris
copying build/lib/kedro_pandas_iris/cli.py -> build/bdist.linux-x86_64/wheel/kedro_pandas_iris
copying build/lib/kedro_pandas_iris/__main__.py -> build/bdist.linux-x86_64/wheel/kedro_pandas_iris
running install_egg_info
running egg_info
writing kedro_pandas_iris.egg-info/PKG-INFO
writing dependency_links to kedro_pandas_iris.egg-info/dependency_links.txt
writing entry points to kedro_pandas_iris.egg-info/entry_points.txt
writing requirements to kedro_pandas_iris.egg-info/requires.txt
writing top-level names to kedro_pandas_iris.egg-info/top_level.txt
reading manifest file 'kedro_pandas_iris.egg-info/SOURCES.txt'
writing manifest file 'kedro_pandas_iris.egg-info/SOURCES.txt'
Copying kedro_pandas_iris.egg-info to build/bdist.linux-x86_64/wheel/kedro_pandas_iris-0.1-py3.7.egg-info
running install_scripts
creating build/bdist.linux-x86_64/wheel/kedro_pandas_iris-0.1.dist-info/WHEEL
creating 'dist/kedro_pandas_iris-0.1-py3-none-any.whl' and adding 'build/bdist.linux-x86_64/wheel' to it
adding 'kedro_pandas_iris/__init__.py'
adding 'kedro_pandas_iris/__main__.py'
adding 'kedro_pandas_iris/cli.py'
adding 'kedro_pandas_iris/hooks.py'
adding 'kedro_pandas_iris/pipeline_registry.py'
adding 'kedro_pandas_iris/settings.py'
adding 'kedro_pandas_iris/pipelines/__init__.py'
adding 'kedro_pandas_iris/pipelines/data_engineering/__init__.py'
adding 'kedro_pandas_iris/pipelines/data_engineering/nodes.py'
adding 'kedro_pandas_iris/pipelines/data_engineering/pipeline.py'
adding 'kedro_pandas_iris/pipelines/data_science/__init__.py'
adding 'kedro_pandas_iris/pipelines/data_science/nodes.py'
adding 'kedro_pandas_iris/pipelines/data_science/pipeline.py'
adding 'tests/pipelines/__init__.py'
adding 'kedro_pandas_iris-0.1.dist-info/METADATA'
adding 'kedro_pandas_iris-0.1.dist-info/WHEEL'
adding 'kedro_pandas_iris-0.1.dist-info/entry_points.txt'
adding 'kedro_pandas_iris-0.1.dist-info/top_level.txt'
adding 'kedro_pandas_iris-0.1.dist-info/RECORD'
removing build/bdist.linux-x86_64/wheel
