/usr/local/bin/python -m pip install -U -r /github/workspace/src/requirements.txt
WARNING: The directory '/github/home/.cache/pip' or its parent directory is not owned or is not writable by the current user. The cache has been disabled. Check the permissions and owner of that directory. If executing pip with sudo, you should use sudo's -H flag.
Requirement already satisfied: anyconfig==0.10.1 in /usr/local/lib/python3.7/site-packages (from -r /github/workspace/src/requirements.txt (line 7)) (0.10.1)
Collecting appdirs==1.4.4
  Downloading appdirs-1.4.4-py2.py3-none-any.whl (9.6 kB)
Collecting argon2-cffi==20.1.0
  Downloading argon2_cffi-20.1.0-cp35-abi3-manylinux1_x86_64.whl (97 kB)
Requirement already satisfied: arrow==1.1.0 in /usr/local/lib/python3.7/site-packages (from -r /github/workspace/src/requirements.txt (line 13)) (1.1.0)
Collecting async-generator==1.10
  Downloading async_generator-1.10-py3-none-any.whl (18 kB)
Collecting attrs==21.2.0
  Downloading attrs-21.2.0-py2.py3-none-any.whl (53 kB)
Collecting backcall==0.2.0
  Downloading backcall-0.2.0-py2.py3-none-any.whl (11 kB)
Requirement already satisfied: binaryornot==0.4.4 in /usr/local/lib/python3.7/site-packages (from -r /github/workspace/src/requirements.txt (line 24)) (0.4.4)
Collecting black==v19.10b0
  Downloading black-19.10b0-py36-none-any.whl (97 kB)
Collecting bleach==3.3.0
  Downloading bleach-3.3.0-py2.py3-none-any.whl (283 kB)
Requirement already satisfied: cachetools==4.2.2 in /usr/local/lib/python3.7/site-packages (from -r /github/workspace/src/requirements.txt (line 30)) (4.2.2)
Requirement already satisfied: certifi==2021.5.30 in /usr/local/lib/python3.7/site-packages (from -r /github/workspace/src/requirements.txt (line 32)) (2021.5.30)
Collecting cffi==1.14.5
  Downloading cffi-1.14.5-cp37-cp37m-manylinux1_x86_64.whl (402 kB)
Requirement already satisfied: chardet==4.0.0 in /usr/local/lib/python3.7/site-packages (from -r /github/workspace/src/requirements.txt (line 36)) (4.0.0)
Requirement already satisfied: click==7.1.2 in /usr/local/lib/python3.7/site-packages (from -r /github/workspace/src/requirements.txt (line 40)) (7.1.2)
Requirement already satisfied: cookiecutter==1.7.3 in /usr/local/lib/python3.7/site-packages (from -r /github/workspace/src/requirements.txt (line 46)) (1.7.3)
Collecting coverage==5.5
  Downloading coverage-5.5-cp37-cp37m-manylinux2010_x86_64.whl (242 kB)
Collecting decorator==5.0.9
  Downloading decorator-5.0.9-py3-none-any.whl (8.9 kB)
Collecting defusedxml==0.7.1
  Downloading defusedxml-0.7.1-py2.py3-none-any.whl (25 kB)
Requirement already satisfied: dynaconf==3.1.4 in /usr/local/lib/python3.7/site-packages (from -r /github/workspace/src/requirements.txt (line 54)) (3.1.4)
Collecting entrypoints==0.3
  Downloading entrypoints-0.3-py2.py3-none-any.whl (11 kB)
Collecting flake8==3.9.2
  Downloading flake8-3.9.2-py2.py3-none-any.whl (73 kB)
Requirement already satisfied: fsspec==0.8.7 in /usr/local/lib/python3.7/site-packages (from -r /github/workspace/src/requirements.txt (line 60)) (0.8.7)
Requirement already satisfied: gitdb==4.0.7 in /usr/local/lib/python3.7/site-packages (from -r /github/workspace/src/requirements.txt (line 62)) (4.0.7)
Requirement already satisfied: gitpython==3.1.17 in /usr/local/lib/python3.7/site-packages (from -r /github/workspace/src/requirements.txt (line 64)) (3.1.17)
Requirement already satisfied: idna==2.10 in /usr/local/lib/python3.7/site-packages (from -r /github/workspace/src/requirements.txt (line 66)) (2.10)
Requirement already satisfied: importlib-metadata==4.5.0 in /usr/local/lib/python3.7/site-packages (from -r /github/workspace/src/requirements.txt (line 68)) (4.5.0)
Collecting ipykernel==5.5.5
  Downloading ipykernel-5.5.5-py3-none-any.whl (120 kB)
Requirement already satisfied: ipython-genutils==0.2.0 in /usr/local/lib/python3.7/site-packages (from -r /github/workspace/src/requirements.txt (line 82)) (0.2.0)
Collecting ipython==7.24.1
  Downloading ipython-7.24.1-py3-none-any.whl (785 kB)
Collecting ipywidgets==7.6.3
  Downloading ipywidgets-7.6.3-py2.py3-none-any.whl (121 kB)
Collecting isort==4.3.21
  Downloading isort-4.3.21-py2.py3-none-any.whl (42 kB)
Collecting jedi==0.18.0
  Downloading jedi-0.18.0-py2.py3-none-any.whl (1.4 MB)
Requirement already satisfied: jinja2-time==0.2.0 in /usr/local/lib/python3.7/site-packages (from -r /github/workspace/src/requirements.txt (line 101)) (0.2.0)
Requirement already satisfied: jinja2==3.0.1 in /usr/local/lib/python3.7/site-packages (from -r /github/workspace/src/requirements.txt (line 103)) (3.0.1)
Requirement already satisfied: jmespath==0.10.0 in /usr/local/lib/python3.7/site-packages (from -r /github/workspace/src/requirements.txt (line 109)) (0.10.0)
Collecting jsonschema==3.2.0
  Downloading jsonschema-3.2.0-py2.py3-none-any.whl (56 kB)
Requirement already satisfied: jupyter-client==6.1.12 in /usr/local/lib/python3.7/site-packages (from -r /github/workspace/src/requirements.txt (line 115)) (6.1.12)
Collecting jupyter-console==6.4.0
  Downloading jupyter_console-6.4.0-py3-none-any.whl (22 kB)
Requirement already satisfied: jupyter-core==4.7.1 in /usr/local/lib/python3.7/site-packages (from -r /github/workspace/src/requirements.txt (line 126)) (4.7.1)
Collecting jupyter==1.0.0
  Downloading jupyter-1.0.0-py2.py3-none-any.whl (2.7 kB)
Collecting jupyterlab-launcher==0.10.5
  Downloading jupyterlab_launcher-0.10.5-py2.py3-none-any.whl (17 kB)
Collecting jupyterlab-pygments==0.1.2
  Downloading jupyterlab_pygments-0.1.2-py2.py3-none-any.whl (4.6 kB)
Collecting jupyterlab-widgets==1.0.0
  Downloading jupyterlab_widgets-1.0.0-py3-none-any.whl (243 kB)
Collecting jupyterlab==0.31.1
  Downloading jupyterlab-0.31.1-py2.py3-none-any.whl (11.6 MB)
Requirement already satisfied: kedro[pandas.csvdataset]==0.17.3 in /usr/local/lib/python3.7/site-packages (from -r /github/workspace/src/requirements.txt (line 143)) (0.17.3)
Requirement already satisfied: markupsafe==2.0.1 in /usr/local/lib/python3.7/site-packages (from -r /github/workspace/src/requirements.txt (line 145)) (2.0.1)
Collecting matplotlib-inline==0.1.2
  Downloading matplotlib_inline-0.1.2-py3-none-any.whl (8.2 kB)
Collecting mccabe==0.6.1
  Downloading mccabe-0.6.1-py2.py3-none-any.whl (8.6 kB)
Collecting mistune==0.8.4
  Downloading mistune-0.8.4-py2.py3-none-any.whl (16 kB)
Collecting more-itertools==8.8.0
  Downloading more_itertools-8.8.0-py3-none-any.whl (48 kB)
Collecting nbclient==0.5.3
  Downloading nbclient-0.5.3-py3-none-any.whl (82 kB)
Collecting nbconvert==6.0.7
  Downloading nbconvert-6.0.7-py3-none-any.whl (552 kB)
Collecting nbformat==5.1.3
  Downloading nbformat-5.1.3-py3-none-any.whl (178 kB)
Collecting nbstripout==0.3.3
  Downloading nbstripout-0.3.3-py2.py3-none-any.whl (11 kB)
Collecting nest-asyncio==1.5.1
  Downloading nest_asyncio-1.5.1-py3-none-any.whl (5.0 kB)
Collecting notebook==6.4.0
  Downloading notebook-6.4.0-py3-none-any.whl (9.5 MB)
Collecting numpy==1.20.3
  Downloading numpy-1.20.3-cp37-cp37m-manylinux_2_12_x86_64.manylinux2010_x86_64.whl (15.3 MB)
Collecting packaging==20.9
  Downloading packaging-20.9-py2.py3-none-any.whl (40 kB)
Collecting pandas==1.2.4
  Downloading pandas-1.2.4-cp37-cp37m-manylinux1_x86_64.whl (9.9 MB)
Collecting pandocfilters==1.4.3
  Downloading pandocfilters-1.4.3.tar.gz (16 kB)
Collecting parso==0.8.2
  Downloading parso-0.8.2-py2.py3-none-any.whl (94 kB)
Collecting pathspec==0.8.1
  Downloading pathspec-0.8.1-py2.py3-none-any.whl (28 kB)
Collecting pexpect==4.8.0
  Downloading pexpect-4.8.0-py2.py3-none-any.whl (59 kB)
Collecting pickleshare==0.7.5
  Downloading pickleshare-0.7.5-py2.py3-none-any.whl (6.9 kB)
Requirement already satisfied: pip-tools==5.5.0 in /usr/local/lib/python3.7/site-packages (from -r /github/workspace/src/requirements.txt (line 196)) (5.5.0)
Requirement already satisfied: pluggy==0.13.1 in /usr/local/lib/python3.7/site-packages (from -r /github/workspace/src/requirements.txt (line 198)) (0.13.1)
Requirement already satisfied: poyo==0.5.0 in /usr/local/lib/python3.7/site-packages (from -r /github/workspace/src/requirements.txt (line 202)) (0.5.0)
Collecting prometheus-client==0.11.0
  Downloading prometheus_client-0.11.0-py2.py3-none-any.whl (56 kB)
Collecting prompt-toolkit==3.0.18
  Downloading prompt_toolkit-3.0.18-py3-none-any.whl (367 kB)
Collecting ptyprocess==0.7.0
  Downloading ptyprocess-0.7.0-py2.py3-none-any.whl (13 kB)
Collecting py==1.10.0
  Downloading py-1.10.0-py2.py3-none-any.whl (97 kB)
Collecting pycodestyle==2.7.0
  Downloading pycodestyle-2.7.0-py2.py3-none-any.whl (41 kB)
Collecting pycparser==2.20
  Downloading pycparser-2.20-py2.py3-none-any.whl (112 kB)
Collecting pyflakes==2.3.1
  Downloading pyflakes-2.3.1-py2.py3-none-any.whl (68 kB)
Collecting pygments==2.9.0
  Downloading Pygments-2.9.0-py3-none-any.whl (1.0 MB)
Collecting pyparsing==2.4.7
  Downloading pyparsing-2.4.7-py2.py3-none-any.whl (67 kB)
Collecting pyrsistent==0.17.3
  Downloading pyrsistent-0.17.3.tar.gz (106 kB)
Collecting pytest-cov==2.12.1
  Downloading pytest_cov-2.12.1-py2.py3-none-any.whl (20 kB)
Collecting pytest-mock==1.13.0
  Downloading pytest_mock-1.13.0-py2.py3-none-any.whl (10 kB)
Collecting pytest==5.4.3
  Downloading pytest-5.4.3-py3-none-any.whl (248 kB)
Requirement already satisfied: python-dateutil==2.8.1 in /usr/local/lib/python3.7/site-packages (from -r /github/workspace/src/requirements.txt (line 242)) (2.8.1)
Requirement already satisfied: python-json-logger==0.1.11 in /usr/local/lib/python3.7/site-packages (from -r /github/workspace/src/requirements.txt (line 247)) (0.1.11)
Requirement already satisfied: python-slugify==5.0.2 in /usr/local/lib/python3.7/site-packages (from -r /github/workspace/src/requirements.txt (line 249)) (5.0.2)
Collecting pytz==2021.1
  Downloading pytz-2021.1-py2.py3-none-any.whl (510 kB)
Requirement already satisfied: pyyaml==5.4.1 in /usr/local/lib/python3.7/site-packages (from -r /github/workspace/src/requirements.txt (line 253)) (5.4.1)
Requirement already satisfied: pyzmq==22.1.0 in /usr/local/lib/python3.7/site-packages (from -r /github/workspace/src/requirements.txt (line 255)) (22.1.0)
Collecting qtconsole==5.1.0
  Downloading qtconsole-5.1.0-py3-none-any.whl (119 kB)
Collecting qtpy==1.9.0
  Downloading QtPy-1.9.0-py2.py3-none-any.whl (54 kB)
Collecting regex==2021.4.4
  Downloading regex-2021.4.4-cp37-cp37m-manylinux2014_x86_64.whl (720 kB)
Requirement already satisfied: requests==2.25.1 in /usr/local/lib/python3.7/site-packages (from -r /github/workspace/src/requirements.txt (line 266)) (2.25.1)
Collecting send2trash==1.5.0
  Downloading Send2Trash-1.5.0-py3-none-any.whl (12 kB)
Requirement already satisfied: six==1.16.0 in /usr/local/lib/python3.7/site-packages (from -r /github/workspace/src/requirements.txt (line 270)) (1.16.0)
Requirement already satisfied: smmap==4.0.0 in /usr/local/lib/python3.7/site-packages (from -r /github/workspace/src/requirements.txt (line 277)) (4.0.0)
Collecting terminado==0.10.1
  Downloading terminado-0.10.1-py3-none-any.whl (14 kB)
Collecting testpath==0.5.0
  Downloading testpath-0.5.0-py3-none-any.whl (84 kB)
Requirement already satisfied: text-unidecode==1.3 in /usr/local/lib/python3.7/site-packages (from -r /github/workspace/src/requirements.txt (line 283)) (1.3)
Requirement already satisfied: toml==0.10.2 in /usr/local/lib/python3.7/site-packages (from -r /github/workspace/src/requirements.txt (line 285)) (0.10.2)
Requirement already satisfied: toposort==1.6 in /usr/local/lib/python3.7/site-packages (from -r /github/workspace/src/requirements.txt (line 290)) (1.6)
Requirement already satisfied: tornado==6.1 in /usr/local/lib/python3.7/site-packages (from -r /github/workspace/src/requirements.txt (line 292)) (6.1)
Requirement already satisfied: traitlets==5.0.5 in /usr/local/lib/python3.7/site-packages (from -r /github/workspace/src/requirements.txt (line 298)) (5.0.5)
Collecting typed-ast==1.4.3
  Downloading typed_ast-1.4.3-cp37-cp37m-manylinux1_x86_64.whl (743 kB)
Requirement already satisfied: typing-extensions==3.10.0.0 in /usr/local/lib/python3.7/site-packages (from -r /github/workspace/src/requirements.txt (line 313)) (3.10.0.0)
Requirement already satisfied: urllib3==1.26.5 in /usr/local/lib/python3.7/site-packages (from -r /github/workspace/src/requirements.txt (line 318)) (1.26.5)
Collecting wcwidth==0.2.5
  Downloading wcwidth-0.2.5-py2.py3-none-any.whl (30 kB)
Collecting webencodings==0.5.1
  Downloading webencodings-0.5.1-py2.py3-none-any.whl (11 kB)
Collecting wheel==0.32.2
  Downloading wheel-0.32.2-py2.py3-none-any.whl (21 kB)
Collecting widgetsnbextension==3.5.1
  Downloading widgetsnbextension-3.5.1-py2.py3-none-any.whl (2.2 MB)
Requirement already satisfied: zipp==3.4.1 in /usr/local/lib/python3.7/site-packages (from -r /github/workspace/src/requirements.txt (line 330)) (3.4.1)
Requirement already satisfied: setuptools in /usr/local/lib/python3.7/site-packages (from anyconfig==0.10.1->-r /github/workspace/src/requirements.txt (line 7)) (57.0.0)
Requirement already satisfied: pip>=20.1 in /usr/local/lib/python3.7/site-packages (from pip-tools==5.5.0->-r /github/workspace/src/requirements.txt (line 196)) (21.1.2)
Building wheels for collected packages: pandocfilters, pyrsistent
  Building wheel for pandocfilters (setup.py): started
  Building wheel for pandocfilters (setup.py): finished with status 'done'
  Created wheel for pandocfilters: filename=pandocfilters-1.4.3-py3-none-any.whl size=8006 sha256=82fb16d581a8d739b928cbe147fa2887a0dcb26907044998d174779415551559
  Stored in directory: /tmp/pip-ephem-wheel-cache-ibc1goq1/wheels/42/81/34/545dc2fbf0e9137811e901108d37fc04650e81d48f97078000
  Building wheel for pyrsistent (setup.py): started
  Building wheel for pyrsistent (setup.py): finished with status 'done'
  Created wheel for pyrsistent: filename=pyrsistent-0.17.3-cp37-cp37m-linux_x86_64.whl size=123698 sha256=17440969c16045c2790b0593f0231834f846c2597b225226a11694a43961f727
  Stored in directory: /tmp/pip-ephem-wheel-cache-ibc1goq1/wheels/a5/52/bf/71258a1d7b3c8cbe1ee53f9314c6f65f20385481eaee573cc5
Successfully built pandocfilters pyrsistent
Installing collected packages: pyrsistent, attrs, wcwidth, pyparsing, ptyprocess, parso, jsonschema, webencodings, pygments, pycparser, prompt-toolkit, pickleshare, pexpect, packaging, nest-asyncio, nbformat, matplotlib-inline, jedi, decorator, backcall, async-generator, testpath, pandocfilters, nbclient, mistune, jupyterlab-pygments, ipython, entrypoints, defusedxml, cffi, bleach, terminado, send2trash, prometheus-client, nbconvert, ipykernel, argon2-cffi, notebook, widgetsnbextension, qtpy, pytz, py, numpy, more-itertools, jupyterlab-widgets, typed-ast, regex, qtconsole, pytest, pyflakes, pycodestyle, pathspec, pandas, mccabe, jupyterlab-launcher, jupyter-console, ipywidgets, coverage, appdirs, wheel, pytest-mock, pytest-cov, nbstripout, jupyterlab, jupyter, isort, flake8, black
  Attempting uninstall: wheel
    Found existing installation: wheel 0.36.2
    Uninstalling wheel-0.36.2:
      Successfully uninstalled wheel-0.36.2
Successfully installed appdirs-1.4.4 argon2-cffi-20.1.0 async-generator-1.10 attrs-21.2.0 backcall-0.2.0 black-19.10b0 bleach-3.3.0 cffi-1.14.5 coverage-5.5 decorator-5.0.9 defusedxml-0.7.1 entrypoints-0.3 flake8-3.9.2 ipykernel-5.5.5 ipython-7.24.1 ipywidgets-7.6.3 isort-4.3.21 jedi-0.18.0 jsonschema-3.2.0 jupyter-1.0.0 jupyter-console-6.4.0 jupyterlab-0.31.1 jupyterlab-launcher-0.10.5 jupyterlab-pygments-0.1.2 jupyterlab-widgets-1.0.0 matplotlib-inline-0.1.2 mccabe-0.6.1 mistune-0.8.4 more-itertools-8.8.0 nbclient-0.5.3 nbconvert-6.0.7 nbformat-5.1.3 nbstripout-0.3.3 nest-asyncio-1.5.1 notebook-6.4.0 numpy-1.20.3 packaging-20.9 pandas-1.2.4 pandocfilters-1.4.3 parso-0.8.2 pathspec-0.8.1 pexpect-4.8.0 pickleshare-0.7.5 prometheus-client-0.11.0 prompt-toolkit-3.0.18 ptyprocess-0.7.0 py-1.10.0 pycodestyle-2.7.0 pycparser-2.20 pyflakes-2.3.1 pygments-2.9.0 pyparsing-2.4.7 pyrsistent-0.17.3 pytest-5.4.3 pytest-cov-2.12.1 pytest-mock-1.13.0 pytz-2021.1 qtconsole-5.1.0 qtpy-1.9.0 regex-2021.4.4 send2trash-1.5.0 terminado-0.10.1 testpath-0.5.0 typed-ast-1.4.3 wcwidth-0.2.5 webencodings-0.5.1 wheel-0.32.2 widgetsnbextension-3.5.1
WARNING: Running pip as root will break packages and permissions. You should install packages reliably by using venv: https://pip.pypa.io/warnings/venv
Requirements installed!
