2021-06-16 02:27:28,681 - kedro.framework.session.store - INFO - `read()` not implemented for `BaseSessionStore`. Assuming empty store.
2021-06-16 02:27:28,732 - root - INFO - ** Kedro project workspace
2021-06-16 02:27:29,071 - kedro.io.data_catalog - INFO - Loading data from `example_iris_data` (CSVDataSet)...
2021-06-16 02:27:29,074 - kedro.io.data_catalog - INFO - Loading data from `params:example_test_data_ratio` (MemoryDataSet)...
2021-06-16 02:27:29,075 - kedro.pipeline.node - INFO - Running node: split: split_data([example_iris_data,params:example_test_data_ratio]) -> [example_test_x,example_test_y,example_train_x,example_train_y]
2021-06-16 02:27:29,087 - kedro.io.data_catalog - INFO - Saving data to `example_train_x` (MemoryDataSet)...
2021-06-16 02:27:29,087 - kedro.io.data_catalog - INFO - Saving data to `example_train_y` (MemoryDataSet)...
2021-06-16 02:27:29,088 - kedro.io.data_catalog - INFO - Saving data to `example_test_x` (MemoryDataSet)...
2021-06-16 02:27:29,088 - kedro.io.data_catalog - INFO - Saving data to `example_test_y` (MemoryDataSet)...
2021-06-16 02:27:29,088 - kedro.runner.sequential_runner - INFO - Completed 1 out of 4 tasks
2021-06-16 02:27:29,088 - kedro.io.data_catalog - INFO - Loading data from `example_train_x` (MemoryDataSet)...
2021-06-16 02:27:29,089 - kedro.io.data_catalog - INFO - Loading data from `example_train_y` (MemoryDataSet)...
2021-06-16 02:27:29,089 - kedro.io.data_catalog - INFO - Loading data from `parameters` (MemoryDataSet)...
2021-06-16 02:27:29,089 - kedro.pipeline.node - INFO - Running node: train: train_model([example_train_x,example_train_y,parameters]) -> [example_model]
2021-06-16 02:27:29,496 - kedro.io.data_catalog - INFO - Saving data to `example_model` (MemoryDataSet)...
2021-06-16 02:27:29,496 - kedro.runner.sequential_runner - INFO - Completed 2 out of 4 tasks
2021-06-16 02:27:29,497 - kedro.io.data_catalog - INFO - Loading data from `example_model` (MemoryDataSet)...
2021-06-16 02:27:29,497 - kedro.io.data_catalog - INFO - Loading data from `example_test_x` (MemoryDataSet)...
2021-06-16 02:27:29,497 - kedro.pipeline.node - INFO - Running node: predict: predict([example_model,example_test_x]) -> [example_predictions]
2021-06-16 02:27:29,497 - kedro.io.data_catalog - INFO - Saving data to `example_predictions` (MemoryDataSet)...
2021-06-16 02:27:29,498 - kedro.runner.sequential_runner - INFO - Completed 3 out of 4 tasks
2021-06-16 02:27:29,498 - kedro.io.data_catalog - INFO - Loading data from `example_predictions` (MemoryDataSet)...
2021-06-16 02:27:29,498 - kedro.io.data_catalog - INFO - Loading data from `example_test_y` (MemoryDataSet)...
2021-06-16 02:27:29,498 - kedro.pipeline.node - INFO - Running node: report: report_accuracy([example_predictions,example_test_y]) -> None
2021-06-16 02:27:29,498 - kedro_pandas_iris.pipelines.data_science.nodes - INFO - Model accuracy on test set: 100.00%
2021-06-16 02:27:29,499 - kedro.runner.sequential_runner - INFO - Completed 4 out of 4 tasks
2021-06-16 02:27:29,499 - kedro.runner.sequential_runner - INFO - Pipeline execution completed successfully.
2021-06-16 02:27:29,499 - kedro.framework.session.store - INFO - `save()` not implemented for `BaseSessionStore`. Skipping the step.
/usr/local/lib/python3.7/site-packages/kedro/framework/context/context.py:494: UserWarning: Credentials not found in your Kedro project config.
No files found in ['/github/workspace/conf/base', '/github/workspace/conf/local'] matching the glob pattern(s): ['credentials*', 'credentials*/**', '**/credentials*']
  warn(f"Credentials not found in your Kedro project config.\n{str(exc)}")
/usr/local/lib/python3.7/site-packages/fsspec/__init__.py:43: DeprecationWarning: SelectableGroups dict interface is deprecated. Use select.
  for spec in entry_points.get("fsspec.specs", []):
